0 info it worked if it ends with ok
1 verbose cli [ 'C:\\Program Files\\nodejs\\node.exe',
1 verbose cli   'C:\\Users\\ehsan\\AppData\\Roaming\\npm\\node_modules\\npm\\bin\\npm-cli.js',
1 verbose cli   'start' ]
2 info using npm@4.0.5
3 info using node@v4.2.6
4 verbose run-script [ 'prestart', 'start', 'poststart' ]
5 info lifecycle my-remote-application@1.0.0~prestart: my-remote-application@1.0.0
6 silly lifecycle my-remote-application@1.0.0~prestart: no script for prestart, continuing
7 info lifecycle my-remote-application@1.0.0~start: my-remote-application@1.0.0
8 verbose lifecycle my-remote-application@1.0.0~start: unsafe-perm in lifecycle true
9 verbose lifecycle my-remote-application@1.0.0~start: PATH: C:\Users\ehsan\AppData\Roaming\npm\node_modules\npm\bin\node-gyp-bin;C:\Users\ehsan\Documents\VisualStudioCode\electron\my-remote-app-electron\node_modules\.bin;C:\ProgramData\Oracle\Java\javapath;C:\Program Files (x86)\Intel\iCLS Client\;C:\Program Files\Intel\iCLS Client\;C:\WINDOWS\system32;C:\WINDOWS;C:\WINDOWS\System32\Wbem;C:\WINDOWS\System32\WindowsPowerShell\v1.0\;C:\Program Files\Intel\Intel(R) Management Engine Components\DAL;C:\Program Files (x86)\Intel\Intel(R) Management Engine Components\DAL;C:\Program Files\Intel\Intel(R) Management Engine Components\IPT;C:\Program Files (x86)\Intel\Intel(R) Management Engine Components\IPT;C:\Program Files (x86)\Microsoft SQL Server\100\Tools\Binn\;C:\Program Files (x86)\Microsoft SQL Server\100\DTS\Binn\;C:\Program Files (x86)\Windows Kits\8.1\Windows Performance Toolkit\;C:\Program Files\Microsoft SQL Server\120\Tools\Binn\;C:\Program Files (x86)\WinSCP\;C:\Program Files (x86)\VisualSVN\bin;C:\Program Files\TortoiseSVN\bin;C:\Program Files\Microsoft\Web Platform Installer\;C:\Program Files\Microsoft SQL Server\110\Tools\Binn\;C:\Program Files\Microsoft SQL Server\Client SDK\ODBC\110\Tools\Binn\;C:\Program Files (x86)\Microsoft SQL Server\120\Tools\Binn\;C:\Program Files\Microsoft SQL Server\120\DTS\Binn\;C:\Program Files (x86)\Microsoft SQL Server\120\DTS\Binn\;C:\Program Files (x86)\Microsoft SQL Server\110\Tools\Binn\ManagementStudio\;C:\Program Files (x86)\Microsoft SQL Server\110\Tools\Binn\;C:\Program Files (x86)\Microsoft SQL Server\110\DTS\Binn\;C:\Program Files\Java\jdk-7-x64\bin;C:\Program Files (x86)\Gradle\gradle-2.9\bin;C:\Program Files (x86)\apache\apache-ant-1.9.6\bin;C:\Users\ehsan\AppData\Local\Android\sdk;C:\Program Files (x86)\apache\apache-maven-3.0.4\bin;C:\OpenSSL-Win32\bin;C:\Program Files\Git\cmd;C:\Program Files\nodejs\;C:\wamp\bin\php\php5.5.12;C:\ProgramData\ComposerSetup\bin;C:\Program Files (x86)\Microsoft SQL Server\120\Tools\Binn\ManagementStudio\;J:\root\sdk\groovy-2.1.6\bin;J:\root\sdk\grails-2.3.0\bin;C:\Program Files (x86)\Yarn\bin;C:\Program Files\Microsoft SQL Server\130\Tools\Binn\;C:\Program Files (x86)\Windows Kits\10\Windows Performance Toolkit\;C:\Program Files (x86)\QuickTime\QTSystem\;C:\Program Files\dotnet\;C:\Users\ehsan\AppData\Local\Programs\Python\Python35\Scripts\;C:\Users\ehsan\AppData\Local\Programs\Python\Python35\;C:\Users\ehsan\AppData\Roaming\npm;C:\Users\ehsan\AppData\Roaming\Composer\vendor\bin;C:\Program Files (x86)\Microsoft VS Code\bin;C:\Users\ehsan\AppData\Local\Microsoft\WindowsApps;
10 verbose lifecycle my-remote-application@1.0.0~start: CWD: C:\Users\ehsan\Documents\VisualStudioCode\electron\my-remote-app-electron
11 silly lifecycle my-remote-application@1.0.0~start: Args: [ '/d /s /c', 'electron .' ]
12 verbose stack Error: kill ENOSYS
12 verbose stack     at exports._errnoException (util.js:870:11)
12 verbose stack     at process.kill (node.js:776:15)
12 verbose stack     at process.listener (C:\Users\ehsan\AppData\Roaming\npm\node_modules\npm\node_modules\npmlog\node_modules\gauge\node_modules\signal-exit\index.js:86:15)
12 verbose stack     at emitNone (events.js:72:20)
12 verbose stack     at process.emit (events.js:166:7)
12 verbose stack     at processEmit (C:\Users\ehsan\AppData\Roaming\npm\node_modules\npm\node_modules\npmlog\node_modules\gauge\node_modules\signal-exit\index.js:146:32)
12 verbose stack     at processEmit (C:\Users\ehsan\AppData\Roaming\npm\node_modules\npm\node_modules\npm-registry-client\node_modules\npmlog\node_modules\gauge\node_modules\signal-exit\index.js:146:32)
12 verbose stack     at Signal.wrap.onsignal (node.js:802:46)
13 verbose cwd C:\Users\ehsan\Documents\VisualStudioCode\electron\my-remote-app-electron
14 error Windows_NT 10.0.14986
15 error argv "C:\\Program Files\\nodejs\\node.exe" "C:\\Users\\ehsan\\AppData\\Roaming\\npm\\node_modules\\npm\\bin\\npm-cli.js" "start"
16 error node v4.2.6
17 error npm  v4.0.5
18 error code ENOSYS
19 error errno ENOSYS
20 error syscall kill
21 error kill ENOSYS
22 error If you need help, you may report this error at:
22 error     <https://github.com/npm/npm/issues>
23 verbose exit [ 1, true ]
